2016-08-25 10:19:23,469 - INFO - Loaded plugin FileLogger
2016-08-25 10:19:23,483 - INFO - Loaded plugin LocalFileOutputDevice
2016-08-25 10:19:23,496 - INFO - Loaded plugin CameraTool
2016-08-25 10:19:23,515 - INFO - Loaded plugin MirrorTool
2016-08-25 10:19:23,539 - INFO - Loaded plugin RotateTool
2016-08-25 10:19:23,569 - INFO - Loaded plugin ScaleTool
2016-08-25 10:19:23,584 - INFO - Loaded plugin SelectionTool
2016-08-25 10:19:23,603 - INFO - Loaded plugin TranslateTool
2016-08-25 10:19:23,778 - INFO - Checking for new version of cura
2016-08-25 10:19:23,778 - INFO - Loaded plugin UpdateChecker
2016-08-25 10:19:23,806 - INFO - Loaded plugin SimpleView
2016-08-25 10:19:23,831 - INFO - Loaded plugin WireframeView
2016-08-25 10:19:23,859 - INFO - Loaded plugin 3MFReader
2016-08-25 10:19:24,053 - INFO - Loaded plugin AutoSave
2016-08-25 10:19:24,078 - INFO - Loaded plugin ChangeLogPlugin
2016-08-25 10:19:24,117 - INFO - Loaded plugin CuraEngineBackend
2016-08-25 10:19:24,128 - INFO - Loaded plugin CuraProfileReader
2016-08-25 10:19:24,143 - INFO - Loaded plugin CuraProfileWriter
2016-08-25 10:19:24,179 - ERROR - Exception starting plugin Doodle3D: NotImplementedError('Start should be implemented by subclasses',)
2016-08-25 10:19:24,179 - INFO - Loaded plugin Doodle3D
2016-08-25 10:19:24,192 - INFO - Loaded plugin GCodeProfileReader
2016-08-25 10:19:24,205 - INFO - Loaded plugin GCodeWriter
2016-08-25 10:19:24,230 - INFO - Loaded plugin ImageReader
2016-08-25 10:19:24,253 - INFO - Loaded plugin LayerView
2016-08-25 10:19:24,268 - INFO - Loaded plugin LegacyProfileReader
2016-08-25 10:19:24,290 - INFO - Loaded plugin PerObjectSettingsTool
2016-08-25 10:19:24,312 - INFO - Loaded plugin PostProcessingPlugin
2016-08-25 10:19:24,355 - INFO - Loaded plugin RemovableDriveOutputDevice
2016-08-25 10:19:24,411 - INFO - Loaded plugin SliceInfoPlugin
2016-08-25 10:19:24,431 - INFO - Loaded plugin SolidView
2016-08-25 10:19:24,546 - INFO - Loaded plugin USBPrinting
2016-08-25 10:19:24,572 - INFO - Loaded plugin XRayView
2016-08-25 10:19:24,574 - INFO - Command line arguments: {'debug-mode': False, 'external-backend': False, 'file': [], 'disable-textures': False}
2016-08-25 10:19:24,932 - INFO - Started engine process: /Applications/Cura.app/Contents/MacOS/CuraEngine
2016-08-25 10:19:24,969 - DEBUG - Setting active view to SolidView
2016-08-25 10:19:26,215 - DEBUG - Loaded theme /Applications/Cura.app/Contents/Resources/cura/resources/themes/cura
2016-08-25 10:19:29,057 - DEBUG - Backend connected on port 49674
2016-08-25 10:19:29,785 - DEBUG - Initialized OpenGL subsystems.
2016-08-25 10:19:29,786 - DEBUG - OpenGL Version:  2.1 NVIDIA-10.0.51 310.90.10.05b12
2016-08-25 10:19:29,786 - DEBUG - OpenGL Vendor:   NVIDIA Corporation
2016-08-25 10:19:29,786 - DEBUG - OpenGL Renderer: NVIDIA GeForce 320M OpenGL Engine
2016-08-25 10:19:45,037 - DEBUG - Autosaving preferences, instances and profiles
2016-08-25 10:19:45,038 - WARNING - No active machine found when trying to save setting visibility
2016-08-25 10:21:02,360 - WARNING - No active machine found when trying to save setting visibility
2016-08-25 10:21:02,400 - DEBUG - Attempting to kill the engine process
2016-08-25 10:21:02,400 - DEBUG - Killing engine process
2016-08-25 10:21:02,402 - DEBUG - Engine process is killed. Recieved return code -15
2016-08-25 10:21:04,252 - INFO - Backend crashed or closed. Restarting...
2016-08-25 10:21:04,358 - DEBUG - Attempting to kill the engine process
2016-08-25 10:21:04,408 - INFO - Started engine process: /Applications/Cura.app/Contents/MacOS/CuraEngine
2016-08-25 10:21:04,498 - DEBUG - Calculating normals took 0.06568503379821777 seconds
2016-08-25 10:21:04,498 - DEBUG - Loaded a mesh with 20250 vertices
2016-08-25 10:21:04,549 - DEBUG - Backend connected on port 49674
2016-08-25 10:21:05,064 - DEBUG - Attempting to kill the engine process
2016-08-25 10:21:05,064 - DEBUG - Killing engine process
2016-08-25 10:21:05,066 - DEBUG - Engine process is killed. Recieved return code -15
2016-08-25 10:21:05,720 - INFO - Backend crashed or closed. Restarting...
2016-08-25 10:21:05,824 - DEBUG - Attempting to kill the engine process
2016-08-25 10:21:05,870 - INFO - Started engine process: /Applications/Cura.app/Contents/MacOS/CuraEngine
2016-08-25 10:21:05,908 - DEBUG - Backend connected on port 49674
2016-08-25 10:21:12,058 - DEBUG - Autosaving preferences, instances and profiles
2016-08-25 10:21:44,680 - DEBUG - Setting value of infill_sparse_density to 0.0 on profile Current settings
2016-08-25 10:21:45,234 - DEBUG - Attempting to kill the engine process
2016-08-25 10:21:45,234 - DEBUG - Killing engine process
2016-08-25 10:21:45,236 - DEBUG - Engine process is killed. Recieved return code -15
2016-08-25 10:21:46,054 - INFO - Backend crashed or closed. Restarting...
2016-08-25 10:21:46,158 - DEBUG - Attempting to kill the engine process
2016-08-25 10:21:46,184 - INFO - Started engine process: /Applications/Cura.app/Contents/MacOS/CuraEngine
2016-08-25 10:21:46,205 - DEBUG - Backend connected on port 49674
2016-08-25 10:21:55,070 - DEBUG - Autosaving preferences, instances and profiles
