2017-01-31 11:00:43,893 - INFO
    logs.setup : 42
    Setting up logger

2017-01-31 11:00:49,083 - DEBUG
    conda_api.start : 233
    conda info --json

2017-01-31 11:00:51,491 - DEBUG
    conda_api.get_envs : 399
    

2017-01-31 11:00:51,491 - DEBUG
    conda_api.environment_exists : 914
    (None, '/Users/X/anaconda')

2017-01-31 11:00:51,491 - DEBUG
    conda_api.linked : 427
    /Users/X/anaconda

2017-01-31 11:00:51,492 - DEBUG
    conda_api.get_envs : 399
    

2017-01-31 11:00:51,492 - DEBUG
    conda_api.environment_exists : 914
    (None, '/Users/X/anaconda')

2017-01-31 11:00:51,493 - DEBUG
    conda_api.linked : 427
    /Users/X/anaconda

2017-01-31 11:00:51,493 - DEBUG
    conda_api.get_envs : 399
    

2017-01-31 11:00:51,494 - DEBUG
    conda_api.environment_exists : 914
    (None, '/Users/X/anaconda')

2017-01-31 11:00:51,494 - DEBUG
    conda_api.linked : 427
    /Users/X/anaconda

2017-01-31 11:00:51,494 - DEBUG
    conda_api.get_envs : 399
    

2017-01-31 11:00:51,495 - DEBUG
    conda_api.environment_exists : 914
    (None, '/Users/X/anaconda')

2017-01-31 11:00:51,495 - DEBUG
    conda_api.linked : 427
    /Users/X/anaconda

2017-01-31 11:00:51,649 - DEBUG
    client_api.set_domain : 355
    https://api.anaconda.org

2017-01-31 11:00:52,368 - DEBUG
    client_api.set_domain : 355
    https://api.anaconda.org

2017-01-31 11:00:52,577 - DEBUG
    download_api.download : 225
    ('https://repo.continuum.io/pkgs/metadata.json', '/Users/X/.anaconda/navigator/channels/metadata.json', False)

2017-01-31 11:00:53,255 - DEBUG
    download_api.is_valid_url : 238
    https://repo.continuum.io/pkgs/pro/osx-64/repodata.json.bz2

2017-01-31 11:00:53,256 - DEBUG
    download_api.is_valid_url : 238
    https://repo.continuum.io/pkgs/free/osx-64/repodata.json.bz2

2017-01-31 11:00:53,423 - DEBUG
    download_api.download : 225
    ('https://repo.continuum.io/pkgs/pro/osx-64/repodata.json.bz2', '/Users/X/.anaconda/navigator/channels/repo.continuum.io_pkgs_pro_osx-64_repodata.json.bz2', False)

2017-01-31 11:00:53,425 - DEBUG
    download_api.download : 225
    ('https://repo.continuum.io/pkgs/free/osx-64/repodata.json.bz2', '/Users/X/.anaconda/navigator/channels/repo.continuum.io_pkgs_free_osx-64_repodata.json.bz2', False)

2017-01-31 11:00:54,354 - DEBUG
    conda_api.environment_exists : 914
    (None, '/Users/X/anaconda')

2017-01-31 11:00:54,354 - DEBUG
    conda_api.linked : 427
    /Users/X/anaconda

2017-01-31 11:00:54,355 - DEBUG
    client_api.load_repodata : 343
    ['/Users/X/.anaconda/navigator/channels/repo.continuum.io_pkgs_pro_osx-64_repodata.json.bz2', '/Users/X/.anaconda/navigator/channels/repo.continuum.io_pkgs_free_osx-64_repodata.json.bz2']

2017-01-31 11:00:54,361 - DEBUG
    client_api.load_repodata : 343
    ['/Users/X/.anaconda/navigator/channels/repo.continuum.io_pkgs_pro_osx-64_repodata.json.bz2', '/Users/X/.anaconda/navigator/channels/repo.continuum.io_pkgs_free_osx-64_repodata.json.bz2']

2017-01-31 11:00:55,746 - ERROR
    main_window.process_application_info : 353
    None

2017-01-31 11:00:55,776 - DEBUG
    conda_api.linked : 427
    /Users/X/anaconda

2017-01-31 11:00:55,847 - DEBUG
    conda_api.environment_exists : 914
    (None, '/Users/X/anaconda')

2017-01-31 11:00:55,847 - DEBUG
    conda_api.linked : 427
    /Users/X/anaconda

2017-01-31 11:00:55,930 - DEBUG
    conda_api.environment_exists : 914
    (None, '/Users/X/anaconda')

2017-01-31 11:00:55,931 - DEBUG
    conda_api.linked : 427
    /Users/X/anaconda

2017-01-31 11:00:55,935 - DEBUG
    conda_api.environment_exists : 914
    (None, '/Users/X/anaconda')

2017-01-31 11:00:55,936 - DEBUG
    conda_api.linked : 427
    /Users/X/anaconda

2017-01-31 11:00:55,937 - DEBUG
    conda_api.environment_exists : 914
    (None, '/Users/X/anaconda')

2017-01-31 11:00:55,937 - DEBUG
    conda_api.linked : 427
    /Users/X/anaconda

2017-01-31 11:00:55,938 - DEBUG
    conda_api.environment_exists : 914
    (None, '/Users/X/anaconda')

2017-01-31 11:00:55,940 - DEBUG
    conda_api.linked : 427
    /Users/X/anaconda

2017-01-31 11:00:55,941 - DEBUG
    conda_api.environment_exists : 914
    (None, '/Users/X/anaconda')

2017-01-31 11:00:55,941 - DEBUG
    conda_api.linked : 427
    /Users/X/anaconda

2017-01-31 11:00:56,050 - DEBUG
    conda_api.environment_exists : 914
    (None, '/Users/X/anaconda')

2017-01-31 11:00:56,051 - DEBUG
    conda_api.linked : 427
    /Users/X/anaconda

2017-01-31 11:00:56,062 - DEBUG
    conda_api.environment_exists : 914
    (None, '/Users/X/anaconda')

2017-01-31 11:00:56,107 - DEBUG
    conda_api.linked : 427
    /Users/X/anaconda

2017-01-31 11:00:56,108 - DEBUG
    conda_api.environment_exists : 914
    (None, '/Users/X/anaconda')

2017-01-31 11:00:56,109 - DEBUG
    conda_api.linked : 427
    /Users/X/anaconda

2017-01-31 11:00:56,109 - DEBUG
    conda_api.environment_exists : 914
    (None, '/Users/X/anaconda')

2017-01-31 11:00:56,110 - DEBUG
    conda_api.linked : 427
    /Users/X/anaconda

2017-01-31 11:00:56,111 - DEBUG
    conda_api.environment_exists : 914
    (None, '/Users/X/anaconda')

2017-01-31 11:00:56,111 - DEBUG
    conda_api.linked : 427
    /Users/X/anaconda

2017-01-31 11:00:56,113 - DEBUG
    conda_api.environment_exists : 914
    (None, '/Users/X/anaconda')

2017-01-31 11:00:56,113 - DEBUG
    conda_api.linked : 427
    /Users/X/anaconda

2017-01-31 11:00:56,197 - DEBUG
    conda_api.environment_exists : 914
    (None, '/Users/X/anaconda')

2017-01-31 11:00:56,197 - DEBUG
    conda_api.linked : 427
    /Users/X/anaconda

2017-01-31 11:00:56,199 - DEBUG
    conda_api.environment_exists : 914
    (None, '/Users/X/anaconda')

2017-01-31 11:00:56,199 - DEBUG
    conda_api.linked : 427
    /Users/X/anaconda

2017-01-31 11:00:56,200 - DEBUG
    conda_api.environment_exists : 914
    (None, '/Users/X/anaconda')

2017-01-31 11:00:56,201 - DEBUG
    conda_api.linked : 427
    /Users/X/anaconda

2017-01-31 11:00:56,202 - DEBUG
    conda_api.environment_exists : 914
    (None, '/Users/X/anaconda')

2017-01-31 11:00:56,202 - DEBUG
    conda_api.linked : 427
    /Users/X/anaconda

2017-01-31 11:00:56,204 - DEBUG
    conda_api.environment_exists : 914
    (None, '/Users/X/anaconda')

2017-01-31 11:00:56,204 - DEBUG
    conda_api.linked : 427
    /Users/X/anaconda

2017-01-31 11:00:56,291 - DEBUG
    conda_api.environment_exists : 914
    (None, '/Users/X/anaconda')

2017-01-31 11:00:56,292 - DEBUG
    conda_api.linked : 427
    /Users/X/anaconda

2017-01-31 11:00:56,292 - DEBUG
    conda_api.environment_exists : 914
    (None, '/Users/X/anaconda')

2017-01-31 11:00:56,293 - DEBUG
    conda_api.linked : 427
    /Users/X/anaconda

2017-01-31 11:00:56,294 - DEBUG
    conda_api.environment_exists : 914
    (None, '/Users/X/anaconda')

2017-01-31 11:00:56,294 - DEBUG
    conda_api.linked : 427
    /Users/X/anaconda

2017-01-31 11:00:56,295 - DEBUG
    conda_api.environment_exists : 914
    (None, '/Users/X/anaconda')

2017-01-31 11:00:56,295 - DEBUG
    conda_api.linked : 427
    /Users/X/anaconda

2017-01-31 11:00:56,297 - DEBUG
    conda_api.environment_exists : 914
    (None, '/Users/X/anaconda')

2017-01-31 11:00:56,299 - DEBUG
    conda_api.linked : 427
    /Users/X/anaconda

2017-01-31 11:00:56,387 - DEBUG
    conda_api.environment_exists : 914
    (None, '/Users/X/anaconda')

2017-01-31 11:00:56,387 - DEBUG
    conda_api.linked : 427
    /Users/X/anaconda

2017-01-31 11:00:56,388 - DEBUG
    conda_api.environment_exists : 914
    (None, '/Users/X/anaconda')

2017-01-31 11:00:56,388 - DEBUG
    conda_api.linked : 427
    /Users/X/anaconda

2017-01-31 11:00:56,559 - DEBUG
    conda_api.environment_exists : 914
    (None, '/Users/X/anaconda')

2017-01-31 11:00:56,559 - DEBUG
    conda_api.linked : 427
    /Users/X/anaconda

2017-01-31 11:00:56,560 - DEBUG
    conda_api.environment_exists : 914
    (None, '/Users/X/anaconda')

2017-01-31 11:00:56,560 - DEBUG
    conda_api.linked : 427
    /Users/X/anaconda

2017-01-31 11:00:56,588 - DEBUG
    conda_api.environment_exists : 914
    (None, '/Users/X/anaconda')

2017-01-31 11:00:56,589 - DEBUG
    conda_api.linked : 427
    /Users/X/anaconda

2017-01-31 11:00:56,589 - DEBUG
    conda_api.environment_exists : 914
    (None, '/Users/X/anaconda')

2017-01-31 11:00:56,590 - DEBUG
    conda_api.linked : 427
    /Users/X/anaconda

2017-01-31 11:00:56,615 - DEBUG
    conda_api.environment_exists : 914
    (None, '/Users/X/anaconda')

2017-01-31 11:00:56,616 - DEBUG
    conda_api.linked : 427
    /Users/X/anaconda

2017-01-31 11:00:56,617 - DEBUG
    conda_api.environment_exists : 914
    (None, '/Users/X/anaconda')

2017-01-31 11:00:56,617 - DEBUG
    conda_api.linked : 427
    /Users/X/anaconda

2017-01-31 11:00:56,644 - DEBUG
    conda_api.environment_exists : 914
    (None, '/Users/X/anaconda')

2017-01-31 11:00:56,644 - DEBUG
    conda_api.linked : 427
    /Users/X/anaconda

2017-01-31 11:00:56,645 - DEBUG
    conda_api.environment_exists : 914
    (None, '/Users/X/anaconda')

2017-01-31 11:00:56,645 - DEBUG
    conda_api.linked : 427
    /Users/X/anaconda

2017-01-31 11:00:56,650 - ERROR
    packages._prepare_model_data : 446
    None

2017-01-31 11:00:56,651 - DEBUG
    conda_api.start : 233
    /Users/X/anaconda/bin/python /Users/X/anaconda/lib/python3.5/site-packages/anaconda_navigator/utils/findpip.py

2017-01-31 11:00:56,784 - DEBUG
    packages.set_environment : 825
    (None, '/Users/X/anaconda')

2017-01-31 11:00:56,785 - DEBUG
    conda_api.environment_exists : 914
    (None, '/Users/X/anaconda')

2017-01-31 11:00:56,791 - DEBUG
    packages.setup : 787
    

2017-01-31 11:00:56,802 - DEBUG
    conda_api.environment_exists : 914
    (None, '/Users/X/anaconda')

2017-01-31 11:00:56,802 - DEBUG
    conda_api.linked : 427
    /Users/X/anaconda

2017-01-31 11:00:56,803 - DEBUG
    client_api.load_repodata : 343
    ['/Users/X/.anaconda/navigator/channels/repo.continuum.io_pkgs_pro_osx-64_repodata.json.bz2', '/Users/X/.anaconda/navigator/channels/repo.continuum.io_pkgs_free_osx-64_repodata.json.bz2']

2017-01-31 11:00:56,814 - DEBUG
    download_api.download : 225
    ('http://content.continuum.io/api/events', '/Users/X/.anaconda/navigator/content/events.json', False)

2017-01-31 11:00:56,816 - DEBUG
    download_api.download : 225
    ('http://content.continuum.io/api/videos', '/Users/X/.anaconda/navigator/content/videos.json', False)

2017-01-31 11:00:56,824 - DEBUG
    download_api.download : 225
    ('http://content.continuum.io/api/webinars', '/Users/X/.anaconda/navigator/content/webinars.json', False)

2017-01-31 11:00:58,422 - DEBUG
    community.make_tag_filters : 305
    TAGS: ['event', 'forum', 'social']

2017-01-31 11:00:58,438 - DEBUG
    community.make_tag_filters : 305
    TAGS: ['webinar', 'documentation', 'video', 'training']

2017-01-31 11:00:58,678 - DEBUG
    conda_api.linked : 427
    /Users/X/anaconda

2017-01-31 11:00:58,680 - DEBUG
    packages._pip_list_ready : 463
    

2017-01-31 11:00:58,686 - DEBUG
    conda_api.linked : 427
    /Users/X/anaconda

2017-01-31 11:00:58,692 - DEBUG
    client_api.prepare_model_data : 350
    

2017-01-31 11:00:58,984 - DEBUG
    download_api.download : 225
    ('https://continuum.io/sites/default/files/AnacondaCON_lines_purple.png', '/Users/X/.anaconda/navigator/images/AnacondaCON_lines_purple.png', False)

2017-01-31 11:00:58,984 - DEBUG
    community.download_thumbnail : 395
    Fetching thumbnail https://continuum.io/sites/default/files/AnacondaCON_lines_purple.png

2017-01-31 11:00:59,017 - DEBUG
    download_api.download : 225
    ('http://img.youtube.com/vi/m6ucljvcn9c&amp;list=PLGB9meziqbzr6sEJ6lScTBMGYTWUGS-e_&amp;index=3/0.jpg', '/Users/X/.anaconda/navigator/images/m6ucljvcn9c&amp;list=PLGB9meziqbzr6sEJ6lScTBMGYTWUGS-e_&amp;index=3.jpg', False)

2017-01-31 11:00:59,017 - DEBUG
    community.download_thumbnail : 395
    Fetching thumbnail http://img.youtube.com/vi/m6ucljvcn9c&amp;list=PLGB9meziqbzr6sEJ6lScTBMGYTWUGS-e_&amp;index=3/0.jpg

2017-01-31 11:00:59,021 - ERROR
    packages._prepare_model_data : 446
    None

2017-01-31 11:00:59,025 - DEBUG
    conda_api.start : 233
    /Users/X/anaconda/bin/python /Users/X/anaconda/lib/python3.5/site-packages/anaconda_navigator/utils/findpip.py

2017-01-31 11:00:59,075 - DEBUG
    download_api.download : 225
    ('https://continuum.io/sites/default/files/strata.png', '/Users/X/.anaconda/navigator/images/strata.png', False)

2017-01-31 11:00:59,077 - DEBUG
    community.download_thumbnail : 395
    Fetching thumbnail https://continuum.io/sites/default/files/strata.png

2017-01-31 11:00:59,148 - DEBUG
    download_api.download : 225
    ('http://img.youtube.com/vi/ZmzNKxQKMhs&amp;list=PLGB9meziqbzr6sEJ6lScTBMGYTWUGS-e_&amp;index=5/0.jpg', '/Users/X/.anaconda/navigator/images/ZmzNKxQKMhs&amp;list=PLGB9meziqbzr6sEJ6lScTBMGYTWUGS-e_&amp;index=5.jpg', False)

2017-01-31 11:00:59,149 - DEBUG
    community.download_thumbnail : 395
    Fetching thumbnail http://img.youtube.com/vi/ZmzNKxQKMhs&amp;list=PLGB9meziqbzr6sEJ6lScTBMGYTWUGS-e_&amp;index=5/0.jpg

2017-01-31 11:00:59,190 - DEBUG
    download_api.download : 225
    ('https://continuum.io/sites/default/files/pycon.jpg', '/Users/X/.anaconda/navigator/images/pycon.jpg', False)

2017-01-31 11:00:59,190 - DEBUG
    community.download_thumbnail : 395
    Fetching thumbnail https://continuum.io/sites/default/files/pycon.jpg

2017-01-31 11:00:59,221 - DEBUG
    download_api.download : 225
    ('http://img.youtube.com/vi/HhVbj4hLsfc/0.jpg', '/Users/X/.anaconda/navigator/images/HhVbj4hLsfc.jpg', False)

2017-01-31 11:00:59,222 - DEBUG
    community.download_thumbnail : 395
    Fetching thumbnail http://img.youtube.com/vi/HhVbj4hLsfc/0.jpg

2017-01-31 11:00:59,249 - DEBUG
    download_api.download : 225
    ('https://continuum.io/sites/default/files/strata.png', '/Users/X/.anaconda/navigator/images/strata.png', False)

2017-01-31 11:00:59,250 - DEBUG
    community.download_thumbnail : 395
    Fetching thumbnail https://continuum.io/sites/default/files/strata.png

2017-01-31 11:00:59,293 - DEBUG
    download_api.download : 225
    ('http://img.youtube.com/vi/dUzL0ox3C5o&amp;list=PLGB9meziqbzr6sEJ6lScTBMGYTWUGS-e_&amp;index=6/0.jpg', '/Users/X/.anaconda/navigator/images/dUzL0ox3C5o&amp;list=PLGB9meziqbzr6sEJ6lScTBMGYTWUGS-e_&amp;index=6.jpg', False)

2017-01-31 11:00:59,295 - DEBUG
    community.download_thumbnail : 395
    Fetching thumbnail http://img.youtube.com/vi/dUzL0ox3C5o&amp;list=PLGB9meziqbzr6sEJ6lScTBMGYTWUGS-e_&amp;index=6/0.jpg

2017-01-31 11:00:59,331 - DEBUG
    download_api.download : 225
    ('http://img.youtube.com/vi/u3JJsoBpRYk&amp;index=1&amp;list=PLGVZCDnMOq0o43_3tHLAblfdOWwFFg76T/0.jpg', '/Users/X/.anaconda/navigator/images/u3JJsoBpRYk&amp;index=1&amp;list=PLGVZCDnMOq0o43_3tHLAblfdOWwFFg76T.jpg', False)

2017-01-31 11:00:59,335 - DEBUG
    community.download_thumbnail : 395
    Fetching thumbnail http://img.youtube.com/vi/u3JJsoBpRYk&amp;index=1&amp;list=PLGVZCDnMOq0o43_3tHLAblfdOWwFFg76T/0.jpg

2017-01-31 11:00:59,398 - DEBUG
    download_api.download : 225
    ('https://continuum.io/sites/default/files/esri.png', '/Users/X/.anaconda/navigator/images/esri.png', False)

2017-01-31 11:00:59,404 - DEBUG
    community.download_thumbnail : 395
    Fetching thumbnail https://continuum.io/sites/default/files/esri.png

2017-01-31 11:00:59,454 - DEBUG
    download_api.download : 225
    ('https://continuum.io/sites/default/files/garnter.png', '/Users/X/.anaconda/navigator/images/garnter.png', False)

2017-01-31 11:00:59,457 - DEBUG
    community.download_thumbnail : 395
    Fetching thumbnail https://continuum.io/sites/default/files/garnter.png

2017-01-31 11:00:59,489 - DEBUG
    download_api.download : 225
    ('http://img.youtube.com/vi/baWMKkum4mo&amp;list=PLGB9meziqbzr6sEJ6lScTBMGYTWUGS-e_&amp;index=7/0.jpg', '/Users/X/.anaconda/navigator/images/baWMKkum4mo&amp;list=PLGB9meziqbzr6sEJ6lScTBMGYTWUGS-e_&amp;index=7.jpg', False)

2017-01-31 11:00:59,490 - DEBUG
    community.download_thumbnail : 395
    Fetching thumbnail http://img.youtube.com/vi/baWMKkum4mo&amp;list=PLGB9meziqbzr6sEJ6lScTBMGYTWUGS-e_&amp;index=7/0.jpg

2017-01-31 11:00:59,570 - DEBUG
    download_api.download : 225
    ('https://continuum.io/sites/default/files/tdwi_logo.png', '/Users/X/.anaconda/navigator/images/tdwi_logo.png', False)

2017-01-31 11:00:59,571 - DEBUG
    community.download_thumbnail : 395
    Fetching thumbnail https://continuum.io/sites/default/files/tdwi_logo.png

2017-01-31 11:00:59,615 - DEBUG
    download_api.download : 225
    ('http://img.youtube.com/vi/Cwnb_o0UORM&amp;list=PLGB9meziqbzr6sEJ6lScTBMGYTWUGS/0.jpg', '/Users/X/.anaconda/navigator/images/Cwnb_o0UORM&amp;list=PLGB9meziqbzr6sEJ6lScTBMGYTWUGS.jpg', False)

2017-01-31 11:00:59,618 - DEBUG
    community.download_thumbnail : 395
    Fetching thumbnail http://img.youtube.com/vi/Cwnb_o0UORM&amp;list=PLGB9meziqbzr6sEJ6lScTBMGYTWUGS/0.jpg

2017-01-31 11:00:59,663 - DEBUG
    download_api.download : 225
    ('https://continuum.io/sites/default/files/plotcon_logo.png', '/Users/X/.anaconda/navigator/images/plotcon_logo.png', False)

2017-01-31 11:00:59,671 - DEBUG
    community.download_thumbnail : 395
    Fetching thumbnail https://continuum.io/sites/default/files/plotcon_logo.png

2017-01-31 11:00:59,699 - DEBUG
    download_api.download : 225
    ('http://img.youtube.com/vi/RFMXrKK15xo&amp;list=PLGB9meziqbzr6sEJ6lScTBMGYTWUGS-e_&amp;index=2/0.jpg', '/Users/X/.anaconda/navigator/images/RFMXrKK15xo&amp;list=PLGB9meziqbzr6sEJ6lScTBMGYTWUGS-e_&amp;index=2.jpg', False)

2017-01-31 11:00:59,708 - DEBUG
    community.download_thumbnail : 395
    Fetching thumbnail http://img.youtube.com/vi/RFMXrKK15xo&amp;list=PLGB9meziqbzr6sEJ6lScTBMGYTWUGS-e_&amp;index=2/0.jpg

2017-01-31 11:00:59,808 - DEBUG
    download_api.download : 225
    ('https://continuum.io/sites/default/files/sc16logo (1).png', '/Users/X/.anaconda/navigator/images/sc16logo (1).png', False)

2017-01-31 11:00:59,814 - DEBUG
    community.download_thumbnail : 395
    Fetching thumbnail https://continuum.io/sites/default/files/sc16logo (1).png

2017-01-31 11:00:59,844 - DEBUG
    download_api.download : 225
    ('http://img.youtube.com/vi/3mazMmA4Dxo/0.jpg', '/Users/X/.anaconda/navigator/images/3mazMmA4Dxo.jpg', False)

2017-01-31 11:00:59,850 - DEBUG
    community.download_thumbnail : 395
    Fetching thumbnail http://img.youtube.com/vi/3mazMmA4Dxo/0.jpg

2017-01-31 11:00:59,927 - DEBUG
    download_api.download : 225
    ('https://continuum.io/sites/default/files/sym_2016_logo_black.png', '/Users/X/.anaconda/navigator/images/sym_2016_logo_black.png', False)

2017-01-31 11:00:59,928 - DEBUG
    community.download_thumbnail : 395
    Fetching thumbnail https://continuum.io/sites/default/files/sym_2016_logo_black.png

2017-01-31 11:00:59,958 - DEBUG
    download_api.download : 225
    ('http://img.youtube.com/vi/Td_3TF03gKo&amp;list=PLGB9meziqbzr6sEJ6lScTBMGYTWUGS-e_&amp;index=1/0.jpg', '/Users/X/.anaconda/navigator/images/Td_3TF03gKo&amp;list=PLGB9meziqbzr6sEJ6lScTBMGYTWUGS-e_&amp;index=1.jpg', False)

2017-01-31 11:00:59,963 - DEBUG
    community.download_thumbnail : 395
    Fetching thumbnail http://img.youtube.com/vi/Td_3TF03gKo&amp;list=PLGB9meziqbzr6sEJ6lScTBMGYTWUGS-e_&amp;index=1/0.jpg

2017-01-31 11:00:59,972 - DEBUG
    conda_api.get_envs : 399
    

2017-01-31 11:00:59,973 - DEBUG
    conda_api.environment_exists : 914
    (None, '/Users/X/anaconda')

2017-01-31 11:00:59,973 - DEBUG
    conda_api.linked : 427
    /Users/X/anaconda

2017-01-31 11:01:00,030 - DEBUG
    download_api.download : 225
    ('https://continuum.io/sites/default/files/pydatalogo-generic.png', '/Users/X/.anaconda/navigator/images/pydatalogo-generic.png', False)

2017-01-31 11:01:00,033 - DEBUG
    community.download_thumbnail : 395
    Fetching thumbnail https://continuum.io/sites/default/files/pydatalogo-generic.png

2017-01-31 11:01:00,063 - DEBUG
    download_api.download : 225
    ('http://img.youtube.com/vi/V1K8Mju_1oo&amp;list=PLGVZCDnMOq0rzDLHi5WxWmN5vueHU5Ar7&amp;index=31/0.jpg', '/Users/X/.anaconda/navigator/images/V1K8Mju_1oo&amp;list=PLGVZCDnMOq0rzDLHi5WxWmN5vueHU5Ar7&amp;index=31.jpg', False)

2017-01-31 11:01:00,065 - DEBUG
    community.download_thumbnail : 395
    Fetching thumbnail http://img.youtube.com/vi/V1K8Mju_1oo&amp;list=PLGVZCDnMOq0rzDLHi5WxWmN5vueHU5Ar7&amp;index=31/0.jpg

2017-01-31 11:01:00,102 - DEBUG
    download_api.download : 225
    ('https://continuum.io/sites/default/files/strata_0.png', '/Users/X/.anaconda/navigator/images/strata_0.png', False)

2017-01-31 11:01:00,103 - DEBUG
    community.download_thumbnail : 395
    Fetching thumbnail https://continuum.io/sites/default/files/strata_0.png

2017-01-31 11:01:00,132 - DEBUG
    download_api.download : 225
    ('http://img.youtube.com/vi/FgfKA-HJFI0/0.jpg', '/Users/X/.anaconda/navigator/images/FgfKA-HJFI0.jpg', False)

2017-01-31 11:01:00,134 - DEBUG
    community.download_thumbnail : 395
    Fetching thumbnail http://img.youtube.com/vi/FgfKA-HJFI0/0.jpg

2017-01-31 11:01:00,371 - DEBUG
    download_api.download : 225
    ('https://continuum.io/sites/default/files/pydatalogo-generic.png', '/Users/X/.anaconda/navigator/images/pydatalogo-generic.png', False)

2017-01-31 11:01:00,543 - DEBUG
    community.download_thumbnail : 395
    Fetching thumbnail https://continuum.io/sites/default/files/pydatalogo-generic.png

2017-01-31 11:01:00,574 - DEBUG
    download_api.download : 225
    ('http://img.youtube.com/vi/fuZI5sJQSkU/0.jpg', '/Users/X/.anaconda/navigator/images/fuZI5sJQSkU.jpg', False)

2017-01-31 11:01:00,574 - DEBUG
    community.download_thumbnail : 395
    Fetching thumbnail http://img.youtube.com/vi/fuZI5sJQSkU/0.jpg

2017-01-31 11:01:00,770 - DEBUG
    download_api.download : 225
    ('https://continuum.io/sites/default/files/pydatalogo-generic.png', '/Users/X/.anaconda/navigator/images/pydatalogo-generic.png', False)

2017-01-31 11:01:00,777 - DEBUG
    community.download_thumbnail : 395
    Fetching thumbnail https://continuum.io/sites/default/files/pydatalogo-generic.png

2017-01-31 11:01:00,814 - DEBUG
    download_api.download : 225
    ('http://img.youtube.com/vi/Xb5r_495_-k/0.jpg', '/Users/X/.anaconda/navigator/images/Xb5r_495_-k.jpg', False)

2017-01-31 11:01:00,815 - DEBUG
    community.download_thumbnail : 395
    Fetching thumbnail http://img.youtube.com/vi/Xb5r_495_-k/0.jpg

2017-01-31 11:01:00,856 - DEBUG
    download_api.download : 225
    ('https://continuum.io/sites/default/files/europython-2016-logo-white-bg.png', '/Users/X/.anaconda/navigator/images/europython-2016-logo-white-bg.png', False)

2017-01-31 11:01:00,857 - DEBUG
    community.download_thumbnail : 395
    Fetching thumbnail https://continuum.io/sites/default/files/europython-2016-logo-white-bg.png

2017-01-31 11:01:00,896 - DEBUG
    download_api.download : 225
    ('http://img.youtube.com/vi/yceT9sj61vw/0.jpg', '/Users/X/.anaconda/navigator/images/yceT9sj61vw.jpg', False)

2017-01-31 11:01:00,897 - DEBUG
    community.download_thumbnail : 395
    Fetching thumbnail http://img.youtube.com/vi/yceT9sj61vw/0.jpg

2017-01-31 11:01:00,986 - DEBUG
    download_api.download : 225
    ('https://continuum.io/sites/default/files/MIT_logo.svg_.png', '/Users/X/.anaconda/navigator/images/MIT_logo.svg_.png', False)

2017-01-31 11:01:01,001 - DEBUG
    community.download_thumbnail : 395
    Fetching thumbnail https://continuum.io/sites/default/files/MIT_logo.svg_.png

2017-01-31 11:01:01,047 - DEBUG
    download_api.download : 225
    ('http://img.youtube.com/vi/aC7dzF1vY7A/0.jpg', '/Users/X/.anaconda/navigator/images/aC7dzF1vY7A.jpg', False)

2017-01-31 11:01:01,063 - DEBUG
    community.download_thumbnail : 395
    Fetching thumbnail http://img.youtube.com/vi/aC7dzF1vY7A/0.jpg

2017-01-31 11:01:01,099 - DEBUG
    download_api.download : 225
    ('https://continuum.io/sites/default/files/SciPy2016-Logo-450x120-01.25.png', '/Users/X/.anaconda/navigator/images/SciPy2016-Logo-450x120-01.25.png', False)

2017-01-31 11:01:01,099 - DEBUG
    community.download_thumbnail : 395
    Fetching thumbnail https://continuum.io/sites/default/files/SciPy2016-Logo-450x120-01.25.png

2017-01-31 11:01:01,133 - DEBUG
    download_api.download : 225
    ('http://img.youtube.com/vi/xUBoPK6FGIU/0.jpg', '/Users/X/.anaconda/navigator/images/xUBoPK6FGIU.jpg', False)

2017-01-31 11:01:01,134 - DEBUG
    community.download_thumbnail : 395
    Fetching thumbnail http://img.youtube.com/vi/xUBoPK6FGIU/0.jpg

2017-01-31 11:01:01,186 - DEBUG
    download_api.download : 225
    ('https://continuum.io/sites/default/files/pydatalogo-generic.png', '/Users/X/.anaconda/navigator/images/pydatalogo-generic.png', False)

2017-01-31 11:01:01,191 - DEBUG
    community.download_thumbnail : 395
    Fetching thumbnail https://continuum.io/sites/default/files/pydatalogo-generic.png

2017-01-31 11:01:01,219 - DEBUG
    download_api.download : 225
    ('http://img.youtube.com/vi/q9E0csBVcwQ/0.jpg', '/Users/X/.anaconda/navigator/images/q9E0csBVcwQ.jpg', False)

2017-01-31 11:01:01,219 - DEBUG
    community.download_thumbnail : 395
    Fetching thumbnail http://img.youtube.com/vi/q9E0csBVcwQ/0.jpg

2017-01-31 11:01:01,290 - DEBUG
    download_api.download : 225
    ('https://continuum.io/sites/default/files/Screen Shot 2016-04-19 at 4.40.12 PM.png', '/Users/X/.anaconda/navigator/images/Screen Shot 2016-04-19 at 4.40.12 PM.png', False)

2017-01-31 11:01:01,291 - DEBUG
    community.download_thumbnail : 395
    Fetching thumbnail https://continuum.io/sites/default/files/Screen Shot 2016-04-19 at 4.40.12 PM.png

2017-01-31 11:01:01,334 - DEBUG
    download_api.download : 225
    ('http://img.youtube.com/vi/KsXJSuBLMyM/0.jpg', '/Users/X/.anaconda/navigator/images/KsXJSuBLMyM.jpg', False)

2017-01-31 11:01:01,335 - DEBUG
    community.download_thumbnail : 395
    Fetching thumbnail http://img.youtube.com/vi/KsXJSuBLMyM/0.jpg

2017-01-31 11:01:01,373 - DEBUG
    download_api.download : 225
    ('https://continuum.io/sites/default/files/spark_summit_og_image.png', '/Users/X/.anaconda/navigator/images/spark_summit_og_image.png', False)

2017-01-31 11:01:01,381 - DEBUG
    community.download_thumbnail : 395
    Fetching thumbnail https://continuum.io/sites/default/files/spark_summit_og_image.png

2017-01-31 11:01:01,406 - DEBUG
    download_api.download : 225
    ('http://img.youtube.com/vi/-Y8XyrtYJzU/0.jpg', '/Users/X/.anaconda/navigator/images/-Y8XyrtYJzU.jpg', False)

2017-01-31 11:01:01,412 - DEBUG
    community.download_thumbnail : 395
    Fetching thumbnail http://img.youtube.com/vi/-Y8XyrtYJzU/0.jpg

2017-01-31 11:01:01,455 - DEBUG
    download_api.download : 225
    ('https://www.python.org/static/opengraph-icon-200x200.png', '/Users/X/.anaconda/navigator/images/python_logo.png', False)

2017-01-31 11:01:01,456 - DEBUG
    community.download_thumbnail : 395
    Fetching thumbnail https://www.python.org/static/opengraph-icon-200x200.png

2017-01-31 11:01:01,492 - DEBUG
    download_api.download : 225
    ('https://continuum.io/sites/default/files/Thumbnail_Bokeh-Dashboards-Webinar-Peter.png', '/Users/X/.anaconda/navigator/images/Thumbnail_Bokeh-Dashboards-Webinar-Peter.png', False)

2017-01-31 11:01:01,493 - DEBUG
    community.download_thumbnail : 395
    Fetching thumbnail https://continuum.io/sites/default/files/Thumbnail_Bokeh-Dashboards-Webinar-Peter.png

2017-01-31 11:01:01,554 - DEBUG
    download_api.download : 225
    ('https://www.python.org/static/opengraph-icon-200x200.png', '/Users/X/.anaconda/navigator/images/python_logo.png', False)

2017-01-31 11:01:01,556 - DEBUG
    community.download_thumbnail : 395
    Fetching thumbnail https://www.python.org/static/opengraph-icon-200x200.png

2017-01-31 11:01:01,584 - DEBUG
    download_api.download : 225
    ('https://continuum.io/sites/default/files/breaking-data-science-open.jpg', '/Users/X/.anaconda/navigator/images/breaking-data-science-open.jpg', False)

2017-01-31 11:01:01,590 - DEBUG
    community.download_thumbnail : 395
    Fetching thumbnail https://continuum.io/sites/default/files/breaking-data-science-open.jpg

2017-01-31 11:01:01,620 - DEBUG
    download_api.download : 225
    ('https://www.continuum.io/sites/default/files/anaconda_logo.png', '/Users/X/.anaconda/navigator/images/anaconda.png', False)

2017-01-31 11:01:01,621 - DEBUG
    community.download_thumbnail : 395
    Fetching thumbnail https://www.continuum.io/sites/default/files/anaconda_logo.png

2017-01-31 11:01:01,661 - DEBUG
    download_api.download : 225
    ('https://continuum.io/sites/default/files/d-is-for-disruption.png', '/Users/X/.anaconda/navigator/images/d-is-for-disruption.png', False)

2017-01-31 11:01:01,665 - DEBUG
    community.download_thumbnail : 395
    Fetching thumbnail https://continuum.io/sites/default/files/d-is-for-disruption.png

2017-01-31 11:01:01,726 - DEBUG
    download_api.download : 225
    ('https://www.continuum.io/sites/default/files/anaconda_logo.png', '/Users/X/.anaconda/navigator/images/anaconda.png', False)

2017-01-31 11:01:01,728 - DEBUG
    community.download_thumbnail : 395
    Fetching thumbnail https://www.continuum.io/sites/default/files/anaconda_logo.png

2017-01-31 11:01:01,783 - DEBUG
    download_api.download : 225
    ('https://continuum.io/sites/default/files/fusion.jpg', '/Users/X/.anaconda/navigator/images/fusion.jpg', False)

2017-01-31 11:01:01,785 - DEBUG
    community.download_thumbnail : 395
    Fetching thumbnail https://continuum.io/sites/default/files/fusion.jpg

2017-01-31 11:01:01,944 - DEBUG
    download_api.download : 225
    ('https://www.continuum.io/sites/default/files/anaconda_logo.png', '/Users/X/.anaconda/navigator/images/anaconda.png', False)

2017-01-31 11:01:01,948 - DEBUG
    community.download_thumbnail : 395
    Fetching thumbnail https://www.continuum.io/sites/default/files/anaconda_logo.png

2017-01-31 11:01:01,999 - DEBUG
    download_api.download : 225
    ('https://continuum.io/sites/default/files/computer_code.jpg', '/Users/X/.anaconda/navigator/images/computer_code.jpg', False)

2017-01-31 11:01:02,003 - DEBUG
    community.download_thumbnail : 395
    Fetching thumbnail https://continuum.io/sites/default/files/computer_code.jpg

2017-01-31 11:01:02,197 - DEBUG
    download_api.download : 225
    ('http://www.numfocus.org/uploads/6/0/6/9/60696727/7094935_orig.png', '/Users/X/.anaconda/navigator/images/pandas.png', False)

2017-01-31 11:01:02,198 - DEBUG
    community.download_thumbnail : 395
    Fetching thumbnail http://www.numfocus.org/uploads/6/0/6/9/60696727/7094935_orig.png

2017-01-31 11:01:02,236 - DEBUG
    download_api.download : 225
    ('https://continuum.io/sites/default/files/high_performance_ods_webinar.jpg', '/Users/X/.anaconda/navigator/images/high_performance_ods_webinar.jpg', False)

2017-01-31 11:01:02,248 - DEBUG
    community.download_thumbnail : 395
    Fetching thumbnail https://continuum.io/sites/default/files/high_performance_ods_webinar.jpg

2017-01-31 11:01:02,291 - DEBUG
    download_api.download : 225
    ('http://www.numfocus.org/uploads/6/0/6/9/60696727/3444089.png', '/Users/X/.anaconda/navigator/images/numpy.png', False)

2017-01-31 11:01:02,293 - DEBUG
    community.download_thumbnail : 395
    Fetching thumbnail http://www.numfocus.org/uploads/6/0/6/9/60696727/3444089.png

2017-01-31 11:01:02,399 - DEBUG
    download_api.download : 225
    ('https://continuum.io/sites/default/files/webinar_predict.png', '/Users/X/.anaconda/navigator/images/webinar_predict.png', False)

2017-01-31 11:01:02,432 - DEBUG
    community.download_thumbnail : 395
    Fetching thumbnail https://continuum.io/sites/default/files/webinar_predict.png

2017-01-31 11:01:02,766 - DEBUG
    download_api.download : 225
    ('http://scipy.org/_static/images/scipy_med.png', '/Users/X/.anaconda/navigator/images/scipy.png', False)

2017-01-31 11:01:02,767 - DEBUG
    community.download_thumbnail : 395
    Fetching thumbnail http://scipy.org/_static/images/scipy_med.png

2017-01-31 11:01:02,813 - DEBUG
    download_api.download : 225
    ('https://continuum.io/sites/default/files/openDataSciencewithR.jpg', '/Users/X/.anaconda/navigator/images/openDataSciencewithR.jpg', False)

2017-01-31 11:01:02,816 - DEBUG
    community.download_thumbnail : 395
    Fetching thumbnail https://continuum.io/sites/default/files/openDataSciencewithR.jpg

2017-01-31 11:01:02,919 - DEBUG
    download_api.download : 225
    ('http://www.numfocus.org/uploads/6/0/6/9/60696727/904538_orig.png', '/Users/X/.anaconda/navigator/images/mpl.png', False)

2017-01-31 11:01:02,920 - DEBUG
    community.download_thumbnail : 395
    Fetching thumbnail http://www.numfocus.org/uploads/6/0/6/9/60696727/904538_orig.png

2017-01-31 11:01:03,022 - DEBUG
    download_api.download : 225
    ('https://continuum.io/sites/default/files/dask-bag.jpg', '/Users/X/.anaconda/navigator/images/dask-bag.jpg', False)

2017-01-31 11:01:03,025 - DEBUG
    community.download_thumbnail : 395
    Fetching thumbnail https://continuum.io/sites/default/files/dask-bag.jpg

2017-01-31 11:01:03,090 - DEBUG
    download_api.download : 225
    ('https://pbs.twimg.com/profile_images/624030560457850880/17LrFnZt_400x400.png', '/Users/X/.anaconda/navigator/images/continuum_t.png', False)

2017-01-31 11:01:03,091 - DEBUG
    community.download_thumbnail : 395
    Fetching thumbnail https://pbs.twimg.com/profile_images/624030560457850880/17LrFnZt_400x400.png

2017-01-31 11:01:03,115 - DEBUG
    download_api.download : 225
    ('https://continuum.io/sites/default/files/journeyToOpenDataScience.png', '/Users/X/.anaconda/navigator/images/journeyToOpenDataScience.png', False)

2017-01-31 11:01:03,116 - DEBUG
    community.download_thumbnail : 395
    Fetching thumbnail https://continuum.io/sites/default/files/journeyToOpenDataScience.png

2017-01-31 11:01:03,220 - DEBUG
    download_api.download : 225
    ('http://scipy.org/_static/images/documentation.png', '/Users/X/.anaconda/navigator/images/pl_scipy.png', False)

2017-01-31 11:01:03,222 - DEBUG
    community.download_thumbnail : 395
    Fetching thumbnail http://scipy.org/_static/images/documentation.png

2017-01-31 11:01:03,261 - DEBUG
    download_api.download : 225
    ('https://continuum.io/sites/default/files/webinar_pandas.png', '/Users/X/.anaconda/navigator/images/webinar_pandas.png', False)

2017-01-31 11:01:03,262 - DEBUG
    community.download_thumbnail : 395
    Fetching thumbnail https://continuum.io/sites/default/files/webinar_pandas.png

2017-01-31 11:01:03,302 - DEBUG
    download_api.download : 225
    ('https://docs.scipy.org/doc/scipy-0.10.1/reference/_static/scipyshiny_small.png', '/Users/X/.anaconda/navigator/images/scipy.png', False)

2017-01-31 11:01:03,303 - DEBUG
    community.download_thumbnail : 395
    Fetching thumbnail https://docs.scipy.org/doc/scipy-0.10.1/reference/_static/scipyshiny_small.png

2017-01-31 11:01:03,415 - DEBUG
    download_api.download : 225
    ('https://continuum.io/sites/default/files/webinar_datashader.png', '/Users/X/.anaconda/navigator/images/webinar_datashader.png', False)

2017-01-31 11:01:03,420 - DEBUG
    community.download_thumbnail : 395
    Fetching thumbnail https://continuum.io/sites/default/files/webinar_datashader.png

2017-01-31 11:01:03,502 - DEBUG
    download_api.download : 225
    ('https://pbs.twimg.com/profile_images/1678023092/DSC_Logo_400x400.jpg', '/Users/X/.anaconda/navigator/images/data_science.png', False)

2017-01-31 11:01:03,504 - DEBUG
    community.download_thumbnail : 395
    Fetching thumbnail https://pbs.twimg.com/profile_images/1678023092/DSC_Logo_400x400.jpg

2017-01-31 11:01:03,529 - DEBUG
    download_api.download : 225
    ('https://continuum.io/sites/default/files/webinar_hassle.png', '/Users/X/.anaconda/navigator/images/webinar_hassle.png', False)

2017-01-31 11:01:03,530 - DEBUG
    community.download_thumbnail : 395
    Fetching thumbnail https://continuum.io/sites/default/files/webinar_hassle.png

2017-01-31 11:01:03,572 - DEBUG
    download_api.download : 225
    ('https://www.continuum.io/sites/default/files/anaconda_logo.png', '/Users/X/.anaconda/navigator/images/anaconda.png', False)

2017-01-31 11:01:03,573 - DEBUG
    community.download_thumbnail : 395
    Fetching thumbnail https://www.continuum.io/sites/default/files/anaconda_logo.png

2017-01-31 11:01:03,605 - DEBUG
    download_api.download : 225
    ('https://continuum.io/sites/default/files/webinar_gurobi2.png', '/Users/X/.anaconda/navigator/images/webinar_gurobi2.png', False)

2017-01-31 11:01:03,606 - DEBUG
    community.download_thumbnail : 395
    Fetching thumbnail https://continuum.io/sites/default/files/webinar_gurobi2.png

2017-01-31 11:01:03,749 - DEBUG
    download_api.download : 225
    ('https://www.continuum.io/sites/default/files/anaconda_logo.png', '/Users/X/.anaconda/navigator/images/anaconda.png', False)

2017-01-31 11:01:03,758 - DEBUG
    community.download_thumbnail : 395
    Fetching thumbnail https://www.continuum.io/sites/default/files/anaconda_logo.png

2017-01-31 11:01:03,789 - DEBUG
    download_api.download : 225
    ('https://continuum.io/sites/default/files/webinar_amd.png', '/Users/X/.anaconda/navigator/images/webinar_amd.png', False)

2017-01-31 11:01:03,790 - DEBUG
    community.download_thumbnail : 395
    Fetching thumbnail https://continuum.io/sites/default/files/webinar_amd.png

2017-01-31 11:01:03,936 - DEBUG
    download_api.download : 225
    ('http://cdn.sstatic.net/stackoverflow/company/img/logos/so/so-icon.png?v=c78bd457575a', '/Users/X/.anaconda/navigator/images/stackoverflow.png', False)

2017-01-31 11:01:03,938 - DEBUG
    community.download_thumbnail : 395
    Fetching thumbnail http://cdn.sstatic.net/stackoverflow/company/img/logos/so/so-icon.png?v=c78bd457575a

2017-01-31 11:01:03,970 - DEBUG
    download_api.download : 225
    ('https://continuum.io/sites/default/files/webinar_distributed.png', '/Users/X/.anaconda/navigator/images/webinar_distributed.png', False)

2017-01-31 11:01:03,973 - DEBUG
    community.download_thumbnail : 395
    Fetching thumbnail https://continuum.io/sites/default/files/webinar_distributed.png

2017-01-31 11:01:04,018 - DEBUG
    download_api.download : 225
    ('https://www.continuum.io/sites/default/files/anaconda_logo.png', '/Users/X/.anaconda/navigator/images/anaconda.png', False)

2017-01-31 11:01:04,019 - DEBUG
    community.download_thumbnail : 395
    Fetching thumbnail https://www.continuum.io/sites/default/files/anaconda_logo.png

2017-01-31 11:01:04,053 - DEBUG
    download_api.download : 225
    ('https://www.python.org/static/opengraph-icon-200x200.png', '/Users/X/.anaconda/navigator/images/python_logo.png', False)

2017-01-31 11:01:04,054 - DEBUG
    community.download_thumbnail : 395
    Fetching thumbnail https://www.python.org/static/opengraph-icon-200x200.png

2017-01-31 11:01:04,236 - DEBUG
    download_api.download : 225
    ('http://bokeh.pydata.org/en/latest/_static/images/logo.png', '/Users/X/.anaconda/navigator/images/bokeh.png', False)

2017-01-31 11:01:04,263 - DEBUG
    community.download_thumbnail : 395
    Fetching thumbnail http://bokeh.pydata.org/en/latest/_static/images/logo.png

2017-01-31 11:01:04,309 - DEBUG
    download_api.download : 225
    ('https://www.python.org/static/opengraph-icon-200x200.png', '/Users/X/.anaconda/navigator/images/python_logo.png', False)

2017-01-31 11:01:04,311 - DEBUG
    community.download_thumbnail : 395
    Fetching thumbnail https://www.python.org/static/opengraph-icon-200x200.png

2017-01-31 11:01:04,345 - DEBUG
    download_api.download : 225
    ('http://bokeh.pydata.org/en/latest/_static/images/logo.png', '/Users/X/.anaconda/navigator/images/bokeh.png', False)

2017-01-31 11:01:04,350 - DEBUG
    community.download_thumbnail : 395
    Fetching thumbnail http://bokeh.pydata.org/en/latest/_static/images/logo.png

2017-01-31 11:01:04,383 - DEBUG
    download_api.download : 225
    ('https://www.continuum.io/sites/default/files/anaconda_logo.png', '/Users/X/.anaconda/navigator/images/anaconda.png', False)

2017-01-31 11:01:04,383 - DEBUG
    community.download_thumbnail : 395
    Fetching thumbnail https://www.continuum.io/sites/default/files/anaconda_logo.png

2017-01-31 11:01:04,535 - DEBUG
    download_api.download : 225
    ('http://blaze.pydata.org/images/blaze.png', '/Users/X/.anaconda/navigator/images/blaze.png', False)

2017-01-31 11:01:04,541 - DEBUG
    community.download_thumbnail : 395
    Fetching thumbnail http://blaze.pydata.org/images/blaze.png

2017-01-31 11:01:04,581 - DEBUG
    download_api.download : 225
    ('https://www.continuum.io/sites/default/files/anaconda_logo.png', '/Users/X/.anaconda/navigator/images/anaconda.png', False)

2017-01-31 11:01:04,599 - DEBUG
    community.download_thumbnail : 395
    Fetching thumbnail https://www.continuum.io/sites/default/files/anaconda_logo.png

2017-01-31 11:01:04,680 - DEBUG
    download_api.download : 225
    ('http://gnosis.cx/tmp/developer-dark.png', '/Users/X/.anaconda/navigator/images/continuum-tech.png', False)

2017-01-31 11:01:04,690 - DEBUG
    community.download_thumbnail : 395
    Fetching thumbnail http://gnosis.cx/tmp/developer-dark.png

2017-01-31 11:01:04,735 - DEBUG
    download_api.download : 225
    ('https://www.continuum.io/sites/default/files/anaconda_logo.png', '/Users/X/.anaconda/navigator/images/anaconda.png', False)

2017-01-31 11:01:04,742 - DEBUG
    community.download_thumbnail : 395
    Fetching thumbnail https://www.continuum.io/sites/default/files/anaconda_logo.png

2017-01-31 11:01:04,781 - DEBUG
    download_api.download : 225
    ('http://www.numfocus.org/uploads/6/0/6/9/60696727/904538_orig.png', '/Users/X/.anaconda/navigator/images/mpl.png', False)

2017-01-31 11:01:04,821 - DEBUG
    community.download_thumbnail : 395
    Fetching thumbnail http://www.numfocus.org/uploads/6/0/6/9/60696727/904538_orig.png

2017-01-31 11:01:04,909 - DEBUG
    download_api.download : 225
    ('http://www.numfocus.org/uploads/6/0/6/9/60696727/7094935_orig.png', '/Users/X/.anaconda/navigator/images/pandas.png', False)

2017-01-31 11:01:04,913 - DEBUG
    community.download_thumbnail : 395
    Fetching thumbnail http://www.numfocus.org/uploads/6/0/6/9/60696727/7094935_orig.png

2017-01-31 11:01:05,225 - DEBUG
    download_api.download : 225
    ('https://docs.scipy.org/doc/scipy-0.10.1/reference/_static/scipyshiny_small.png', '/Users/X/.anaconda/navigator/images/scipy.png', False)

2017-01-31 11:01:05,235 - DEBUG
    community.download_thumbnail : 395
    Fetching thumbnail https://docs.scipy.org/doc/scipy-0.10.1/reference/_static/scipyshiny_small.png

2017-01-31 11:01:05,298 - DEBUG
    download_api.download : 225
    ('http://www.numfocus.org/uploads/6/0/6/9/60696727/3444089.png', '/Users/X/.anaconda/navigator/images/numpy.png', False)

2017-01-31 11:01:05,302 - DEBUG
    community.download_thumbnail : 395
    Fetching thumbnail http://www.numfocus.org/uploads/6/0/6/9/60696727/3444089.png

2017-01-31 11:01:05,436 - DEBUG
    download_api.download : 225
    ('http://www.numfocus.org/uploads/6/0/6/9/60696727/1457562110.png', '/Users/X/.anaconda/navigator/images/numfocus.png', False)

2017-01-31 11:01:05,438 - DEBUG
    community.download_thumbnail : 395
    Fetching thumbnail http://www.numfocus.org/uploads/6/0/6/9/60696727/1457562110.png

2017-01-31 11:01:05,475 - DEBUG
    download_api.download : 225
    ('http://scipy.org/_static/images/scipy_med.png', '/Users/X/.anaconda/navigator/images/scipy.png', False)

2017-01-31 11:01:05,476 - DEBUG
    community.download_thumbnail : 395
    Fetching thumbnail http://scipy.org/_static/images/scipy_med.png

2017-01-31 11:01:05,531 - DEBUG
    download_api.download : 225
    ('https://www.continuum.io/sites/default/files/anaconda_logo.png', '/Users/X/.anaconda/navigator/images/anaconda.png', False)

2017-01-31 11:01:05,535 - DEBUG
    community.download_thumbnail : 395
    Fetching thumbnail https://www.continuum.io/sites/default/files/anaconda_logo.png

2017-01-31 11:01:05,572 - DEBUG
    download_api.download : 225
    ('http://www.numfocus.org/uploads/6/0/6/9/60696727/904538_orig.png', '/Users/X/.anaconda/navigator/images/mpl.png', False)

2017-01-31 11:01:05,575 - DEBUG
    community.download_thumbnail : 395
    Fetching thumbnail http://www.numfocus.org/uploads/6/0/6/9/60696727/904538_orig.png

2017-01-31 11:01:05,670 - DEBUG
    download_api.download : 225
    ('https://www.continuum.io/sites/default/files/anaconda_logo.png', '/Users/X/.anaconda/navigator/images/anaconda.png', False)

2017-01-31 11:01:05,682 - DEBUG
    community.download_thumbnail : 395
    Fetching thumbnail https://www.continuum.io/sites/default/files/anaconda_logo.png

2017-01-31 11:01:05,712 - DEBUG
    download_api.download : 225
    ('https://pbs.twimg.com/profile_images/624030560457850880/17LrFnZt_400x400.png', '/Users/X/.anaconda/navigator/images/continuum_t.png', False)

2017-01-31 11:01:05,719 - DEBUG
    community.download_thumbnail : 395
    Fetching thumbnail https://pbs.twimg.com/profile_images/624030560457850880/17LrFnZt_400x400.png

2017-01-31 11:01:05,801 - DEBUG
    download_api.download : 225
    ('https://www.continuum.io/sites/default/files/anaconda_logo.png', '/Users/X/.anaconda/navigator/images/anaconda.png', False)

2017-01-31 11:01:05,802 - DEBUG
    community.download_thumbnail : 395
    Fetching thumbnail https://www.continuum.io/sites/default/files/anaconda_logo.png

2017-01-31 11:01:05,842 - DEBUG
    download_api.download : 225
    ('http://scipy.org/_static/images/documentation.png', '/Users/X/.anaconda/navigator/images/pl_scipy.png', False)

2017-01-31 11:01:05,843 - DEBUG
    community.download_thumbnail : 395
    Fetching thumbnail http://scipy.org/_static/images/documentation.png

2017-01-31 11:01:05,897 - DEBUG
    download_api.download : 225
    ('https://www.continuum.io/sites/default/files/anaconda_logo.png', '/Users/X/.anaconda/navigator/images/anaconda.png', False)

2017-01-31 11:01:05,898 - DEBUG
    community.download_thumbnail : 395
    Fetching thumbnail https://www.continuum.io/sites/default/files/anaconda_logo.png

2017-01-31 11:01:06,042 - DEBUG
    download_api.download : 225
    ('https://docs.scipy.org/doc/scipy-0.10.1/reference/_static/scipyshiny_small.png', '/Users/X/.anaconda/navigator/images/scipy.png', False)

2017-01-31 11:01:06,065 - DEBUG
    community.download_thumbnail : 395
    Fetching thumbnail https://docs.scipy.org/doc/scipy-0.10.1/reference/_static/scipyshiny_small.png

2017-01-31 11:01:06,233 - DEBUG
    download_api.download : 225
    ('https://pbs.twimg.com/profile_images/1678023092/DSC_Logo_400x400.jpg', '/Users/X/.anaconda/navigator/images/data_science.png', False)

2017-01-31 11:01:06,234 - DEBUG
    community.download_thumbnail : 395
    Fetching thumbnail https://pbs.twimg.com/profile_images/1678023092/DSC_Logo_400x400.jpg

2017-01-31 11:01:06,274 - DEBUG
    download_api.download : 225
    ('https://www.continuum.io/sites/default/files/anaconda_logo.png', '/Users/X/.anaconda/navigator/images/anaconda.png', False)

2017-01-31 11:01:06,307 - DEBUG
    community.download_thumbnail : 395
    Fetching thumbnail https://www.continuum.io/sites/default/files/anaconda_logo.png

2017-01-31 11:01:06,340 - DEBUG
    download_api.download : 225
    ('https://www.continuum.io/sites/default/files/anaconda_logo.png', '/Users/X/.anaconda/navigator/images/anaconda.png', False)

2017-01-31 11:01:06,347 - DEBUG
    community.download_thumbnail : 395
    Fetching thumbnail https://www.continuum.io/sites/default/files/anaconda_logo.png

2017-01-31 11:01:06,392 - DEBUG
    conda_api.linked : 427
    /Users/X/anaconda

2017-01-31 11:01:06,396 - DEBUG
    packages._pip_list_ready : 463
    

2017-01-31 11:01:06,397 - DEBUG
    conda_api.linked : 427
    /Users/X/anaconda

2017-01-31 11:01:06,398 - DEBUG
    client_api.prepare_model_data : 350
    

2017-01-31 11:01:06,531 - DEBUG
    download_api.download : 225
    ('http://cdn.sstatic.net/stackoverflow/company/img/logos/so/so-icon.png?v=c78bd457575a', '/Users/X/.anaconda/navigator/images/stackoverflow.png', False)

2017-01-31 11:01:06,533 - DEBUG
    community.download_thumbnail : 395
    Fetching thumbnail http://cdn.sstatic.net/stackoverflow/company/img/logos/so/so-icon.png?v=c78bd457575a

2017-01-31 11:01:06,572 - DEBUG
    download_api.download : 225
    ('https://www.continuum.io/sites/default/files/anaconda_logo.png', '/Users/X/.anaconda/navigator/images/anaconda.png', False)

2017-01-31 11:01:06,573 - DEBUG
    community.download_thumbnail : 395
    Fetching thumbnail https://www.continuum.io/sites/default/files/anaconda_logo.png

2017-01-31 11:01:06,631 - DEBUG
    download_api.download : 225
    ('http://bokeh.pydata.org/en/latest/_static/images/logo.png', '/Users/X/.anaconda/navigator/images/bokeh.png', False)

2017-01-31 11:01:06,632 - DEBUG
    community.download_thumbnail : 395
    Fetching thumbnail http://bokeh.pydata.org/en/latest/_static/images/logo.png

2017-01-31 11:01:06,671 - DEBUG
    download_api.download : 225
    ('http://bokeh.pydata.org/en/latest/_static/images/logo.png', '/Users/X/.anaconda/navigator/images/bokeh.png', False)

2017-01-31 11:01:06,673 - DEBUG
    community.download_thumbnail : 395
    Fetching thumbnail http://bokeh.pydata.org/en/latest/_static/images/logo.png

2017-01-31 11:01:06,791 - DEBUG
    download_api.download : 225
    ('http://blaze.pydata.org/images/blaze.png', '/Users/X/.anaconda/navigator/images/blaze.png', False)

2017-01-31 11:01:06,809 - DEBUG
    community.download_thumbnail : 395
    Fetching thumbnail http://blaze.pydata.org/images/blaze.png

2017-01-31 11:01:07,007 - DEBUG
    download_api.download : 225
    ('http://gnosis.cx/tmp/developer-dark.png', '/Users/X/.anaconda/navigator/images/continuum-tech.png', False)

2017-01-31 11:01:07,010 - DEBUG
    community.download_thumbnail : 395
    Fetching thumbnail http://gnosis.cx/tmp/developer-dark.png

2017-01-31 11:01:07,205 - DEBUG
    download_api.download : 225
    ('http://www.numfocus.org/uploads/6/0/6/9/60696727/904538_orig.png', '/Users/X/.anaconda/navigator/images/mpl.png', False)

2017-01-31 11:01:07,206 - DEBUG
    community.download_thumbnail : 395
    Fetching thumbnail http://www.numfocus.org/uploads/6/0/6/9/60696727/904538_orig.png

2017-01-31 11:01:07,243 - DEBUG
    download_api.download : 225
    ('https://docs.scipy.org/doc/scipy-0.10.1/reference/_static/scipyshiny_small.png', '/Users/X/.anaconda/navigator/images/scipy.png', False)

2017-01-31 11:01:07,244 - DEBUG
    community.download_thumbnail : 395
    Fetching thumbnail https://docs.scipy.org/doc/scipy-0.10.1/reference/_static/scipyshiny_small.png

2017-01-31 11:01:07,281 - DEBUG
    download_api.download : 225
    ('http://www.numfocus.org/uploads/6/0/6/9/60696727/1457562110.png', '/Users/X/.anaconda/navigator/images/numfocus.png', False)

2017-01-31 11:01:07,283 - DEBUG
    community.download_thumbnail : 395
    Fetching thumbnail http://www.numfocus.org/uploads/6/0/6/9/60696727/1457562110.png

2017-01-31 11:01:07,327 - DEBUG
    download_api.download : 225
    ('https://www.continuum.io/sites/default/files/anaconda_logo.png', '/Users/X/.anaconda/navigator/images/anaconda.png', False)

2017-01-31 11:01:07,329 - DEBUG
    community.download_thumbnail : 395
    Fetching thumbnail https://www.continuum.io/sites/default/files/anaconda_logo.png

2017-01-31 11:01:07,419 - DEBUG
    download_api.download : 225
    ('https://www.continuum.io/sites/default/files/anaconda_logo.png', '/Users/X/.anaconda/navigator/images/anaconda.png', False)

2017-01-31 11:01:07,436 - DEBUG
    community.download_thumbnail : 395
    Fetching thumbnail https://www.continuum.io/sites/default/files/anaconda_logo.png

2017-01-31 11:01:07,485 - DEBUG
    download_api.download : 225
    ('https://www.continuum.io/sites/default/files/anaconda_logo.png', '/Users/X/.anaconda/navigator/images/anaconda.png', False)

2017-01-31 11:01:07,492 - DEBUG
    community.download_thumbnail : 395
    Fetching thumbnail https://www.continuum.io/sites/default/files/anaconda_logo.png

2017-01-31 11:01:07,534 - DEBUG
    download_api.download : 225
    ('https://www.continuum.io/sites/default/files/anaconda_logo.png', '/Users/X/.anaconda/navigator/images/anaconda.png', False)

2017-01-31 11:01:07,537 - DEBUG
    community.download_thumbnail : 395
    Fetching thumbnail https://www.continuum.io/sites/default/files/anaconda_logo.png

